[0.226s] Invoking command in '/home/ws/build/resource_monitor': PYTHONPATH=/home/ws/build/resource_monitor/prefix_override:/usr/lib/python3/dist-packages/colcon_core/task/python/colcon_distutils_commands:/home/ws/install/resource_monitor/lib/python3.12/site-packages:${PYTHONPATH} /usr/bin/python3 -W ignore:setup.py install is deprecated -W ignore:easy_install command is deprecated setup.py develop --editable --build-directory /home/ws/build/resource_monitor/build --no-deps symlink_data
[0.296s] running develop
[0.324s] running egg_info
[0.324s] creating resource_monitor.egg-info
[0.327s] writing resource_monitor.egg-info/PKG-INFO
[0.327s] writing dependency_links to resource_monitor.egg-info/dependency_links.txt
[0.327s] writing requirements to resource_monitor.egg-info/requires.txt
[0.327s] writing top-level names to resource_monitor.egg-info/top_level.txt
[0.328s] writing manifest file 'resource_monitor.egg-info/SOURCES.txt'
[0.333s] reading manifest file 'resource_monitor.egg-info/SOURCES.txt'
[0.333s] writing manifest file 'resource_monitor.egg-info/SOURCES.txt'
[0.336s] running build_ext
[0.336s] Creating /home/ws/install/resource_monitor/lib/python3.12/site-packages/resource-monitor.egg-link (link to .)
[0.337s] 
[0.337s] Installed /home/ws/build/resource_monitor
[0.337s] running symlink_data
[0.337s] creating /home/ws/install/resource_monitor/share/ament_index
[0.337s] creating /home/ws/install/resource_monitor/share/ament_index/resource_index
[0.337s] creating /home/ws/install/resource_monitor/share/ament_index/resource_index/packages
[0.337s] symbolically linking /home/ws/build/resource_monitor/resource/resource_monitor -> /home/ws/install/resource_monitor/share/ament_index/resource_index/packages
[0.337s] symbolically linking /home/ws/build/resource_monitor/package.xml -> /home/ws/install/resource_monitor/share/resource_monitor
[0.348s] Invoked command in '/home/ws/build/resource_monitor' returned '0': PYTHONPATH=/home/ws/build/resource_monitor/prefix_override:/usr/lib/python3/dist-packages/colcon_core/task/python/colcon_distutils_commands:/home/ws/install/resource_monitor/lib/python3.12/site-packages:${PYTHONPATH} /usr/bin/python3 -W ignore:setup.py install is deprecated -W ignore:easy_install command is deprecated setup.py develop --editable --build-directory /home/ws/build/resource_monitor/build --no-deps symlink_data
